INFO:     Will watch for changes in these directories: ['/var/www/CRM_SAAS']
Traceback (most recent call last):
  File "/var/www/CRM_SAAS/.venv/bin/uvicorn", line 8, in <module>
    sys.exit(main())
             ^^^^^^
  File "/var/www/CRM_SAAS/.venv/lib/python3.12/site-packages/click/core.py", line 1442, in __call__
    return self.main(*args, **kwargs)
           ^^^^^^^^^^^^^^^^^^^^^^^^^^
  File "/var/www/CRM_SAAS/.venv/lib/python3.12/site-packages/click/core.py", line 1363, in main
    rv = self.invoke(ctx)
         ^^^^^^^^^^^^^^^^
  File "/var/www/CRM_SAAS/.venv/lib/python3.12/site-packages/click/core.py", line 1226, in invoke
    return ctx.invoke(self.callback, **ctx.params)
           ^^^^^^^^^^^^^^^^^^^^^^^^^^^^^^^^^^^^^^^
  File "/var/www/CRM_SAAS/.venv/lib/python3.12/site-packages/click/core.py", line 794, in invoke
    return callback(*args, **kwargs)
           ^^^^^^^^^^^^^^^^^^^^^^^^^
  File "/var/www/CRM_SAAS/.venv/lib/python3.12/site-packages/uvicorn/main.py", line 413, in main
    run(
  File "/var/www/CRM_SAAS/.venv/lib/python3.12/site-packages/uvicorn/main.py", line 574, in run
    sock = config.bind_socket()
           ^^^^^^^^^^^^^^^^^^^^
  File "/var/www/CRM_SAAS/.venv/lib/python3.12/site-packages/uvicorn/config.py", line 513, in bind_socket
    sock = socket.socket(family=family)
           ^^^^^^^^^^^^^^^^^^^^^^^^^^^^
  File "/usr/lib/python3.12/socket.py", line 233, in __init__
    _socket.socket.__init__(self, family, type, proto, fileno)
PermissionError: [Errno 1] Operation not permitted
